<?xml version="1.0" encoding="UTF-8"?>
<!-- Generated by org.testng.reporters.JUnitReportReporter -->
<testsuite hostname="MBGNW0167" failures="0" tests="8" name="pomscripts.SmokeTests" time="202.818" errors="0" timestamp="2022-07-04T09:36:37 EEST" skipped="0">
  <testcase classname="pomscripts.SmokeTests" name="logoutTest" time="25.994"/>
  <system-out/>
  <testcase classname="pomscripts.SmokeTests" name="editProfileInfo" time="25.826"/>
  <system-out/>
  <testcase classname="pomscripts.SmokeTests" name="undoLikedPost" time="25.224"/>
  <system-out/>
  <testcase classname="pomscripts.SmokeTests" name="loginTest" time="24.186"/>
  <system-out/>
  <testcase classname="pomscripts.SmokeTests" name="addNewComment" time="25.627"/>
  <system-out/>
  <testcase classname="pomscripts.SmokeTests" name="likePrivatePost" time="25.229"/>
  <system-out/>
  <testcase classname="pomscripts.SmokeTests" name="createAccount" time="25.187"/>
  <system-out/>
  <testcase classname="pomscripts.SmokeTests" name="deletePost" time="25.545"/>
  <system-out/>
</testsuite> <!-- pomscripts.SmokeTests -->
